<?xml version="1.0" encoding="UTF-8"?>
<testsuite xmlns:xsi="http://www.w3.org/2001/XMLSchema-instance" xsi:noNamespaceSchemaLocation="https://maven.apache.org/surefire/maven-surefire-plugin/xsd/surefire-test-report.xsd" name="artbughunt.AVLTree_ESTest" time="1.311" tests="25" errors="1" skipped="0" failures="0">
  <properties>
[...]
</properties>
  <testcase name="test05" classname="artbughunt.AVLTree_ESTest" time="0.017"/>
  <testcase name="test04" classname="artbughunt.AVLTree_ESTest" time="0.002"/>
  <testcase name="test03" classname="artbughunt.AVLTree_ESTest" time="0.002"/>
  <testcase name="test02" classname="artbughunt.AVLTree_ESTest" time="0.005"/>
  <testcase name="test24" classname="artbughunt.AVLTree_ESTest" time="0.003"/>
  <testcase name="test01" classname="artbughunt.AVLTree_ESTest" time="0.001"/>
  <testcase name="test23" classname="artbughunt.AVLTree_ESTest" time="0.002"/>
  <testcase name="test00" classname="artbughunt.AVLTree_ESTest" time="0.002"/>
  <testcase name="test22" classname="artbughunt.AVLTree_ESTest" time="0.002"/>
  <testcase name="test21" classname="artbughunt.AVLTree_ESTest" time="0.007"/>
  <testcase name="test20" classname="artbughunt.AVLTree_ESTest" time="0.021">
    <error type="java.lang.StackOverflowError">java.lang.StackOverflowError
</error>
  </testcase>
  <testcase name="test09" classname="artbughunt.AVLTree_ESTest" time="0.002"/>
  <testcase name="test08" classname="artbughunt.AVLTree_ESTest" time="0.002"/>
  <testcase name="test07" classname="artbughunt.AVLTree_ESTest" time="0.001"/>
  <testcase name="test06" classname="artbughunt.AVLTree_ESTest" time="0.002"/>
  <testcase name="test16" classname="artbughunt.AVLTree_ESTest" time="0.003"/>
  <testcase name="test15" classname="artbughunt.AVLTree_ESTest" time="0.002"/>
  <testcase name="test14" classname="artbughunt.AVLTree_ESTest" time="0.001"/>
  <testcase name="test13" classname="artbughunt.AVLTree_ESTest" time="0.002"/>
  <testcase name="test12" classname="artbughunt.AVLTree_ESTest" time="0.002"/>
  <testcase name="test11" classname="artbughunt.AVLTree_ESTest" time="0.002"/>
  <testcase name="test10" classname="artbughunt.AVLTree_ESTest" time="0.002"/>
  <testcase name="test19" classname="artbughunt.AVLTree_ESTest" time="0.002"/>
  <testcase name="test18" classname="artbughunt.AVLTree_ESTest" time="0.002"/>
  <testcase name="test17" classname="artbughunt.AVLTree_ESTest" time="0.006"/>
</testsuite>